Did not find Envoy configuration file at /tmp/envoy.yaml, creating one.
Appending /tmp/envoy/envoyconf.yaml to /tmp/envoy.yaml
Starting Envoy.
[2019-12-16 21:44:20.934][1][info][main] [source/server/server.cc:251] initializing epoch 0 (hot restart version=11.104)
[2019-12-16 21:44:20.934][1][info][main] [source/server/server.cc:253] statically linked extensions:
[2019-12-16 21:44:20.934][1][info][main] [source/server/server.cc:255]   access_loggers: envoy.file_access_log, envoy.http_grpc_access_log, envoy.tcp_grpc_access_log
[2019-12-16 21:44:20.934][1][info][main] [source/server/server.cc:255]   clusters: envoy.cluster.eds, envoy.cluster.logical_dns, envoy.cluster.original_dst, envoy.cluster.static, envoy.cluster.strict_dns, envoy.clusters.aggregate, envoy.clusters.dynamic_forward_proxy, envoy.clusters.redis
[2019-12-16 21:44:20.934][1][info][main] [source/server/server.cc:255]   dubbo_proxy.filters: envoy.filters.dubbo.router
[2019-12-16 21:44:20.934][1][info][main] [source/server/server.cc:255]   dubbo_proxy.protocols: dubbo
[2019-12-16 21:44:20.934][1][info][main] [source/server/server.cc:255]   dubbo_proxy.route_matchers: default
[2019-12-16 21:44:20.934][1][info][main] [source/server/server.cc:255]   dubbo_proxy.serializers: dubbo.hessian2
[2019-12-16 21:44:20.934][1][info][main] [source/server/server.cc:255]   filters.http: envoy.buffer, envoy.cors, envoy.csrf, envoy.ext_authz, envoy.fault, envoy.filters.http.adaptive_concurrency, envoy.filters.http.dynamic_forward_proxy, envoy.filters.http.grpc_http1_reverse_bridge, envoy.filters.http.grpc_stats, envoy.filters.http.header_to_metadata, envoy.filters.http.jwt_authn, envoy.filters.http.original_src, envoy.filters.http.rbac, envoy.filters.http.tap, envoy.grpc_http1_bridge, envoy.grpc_json_transcoder, envoy.grpc_web, envoy.gzip, envoy.health_check, envoy.http_dynamo_filter, envoy.ip_tagging, envoy.lua, envoy.rate_limit, envoy.router, envoy.squash
[2019-12-16 21:44:20.934][1][info][main] [source/server/server.cc:255]   filters.listener: envoy.listener.http_inspector, envoy.listener.original_dst, envoy.listener.original_src, envoy.listener.proxy_protocol, envoy.listener.tls_inspector
[2019-12-16 21:44:20.934][1][info][main] [source/server/server.cc:255]   filters.network: envoy.client_ssl_auth, envoy.echo, envoy.ext_authz, envoy.filters.network.dubbo_proxy, envoy.filters.network.mysql_proxy, envoy.filters.network.rbac, envoy.filters.network.sni_cluster, envoy.filters.network.thrift_proxy, envoy.filters.network.zookeeper_proxy, envoy.http_connection_manager, envoy.mongo_proxy, envoy.ratelimit, envoy.redis_proxy, envoy.tcp_proxy
[2019-12-16 21:44:20.934][1][info][main] [source/server/server.cc:255]   filters.udp_listener: envoy.filters.udp_listener.udp_proxy
[2019-12-16 21:44:20.934][1][info][main] [source/server/server.cc:255]   grpc_credentials: envoy.grpc_credentials.aws_iam, envoy.grpc_credentials.default, envoy.grpc_credentials.file_based_metadata
[2019-12-16 21:44:20.934][1][info][main] [source/server/server.cc:255]   health_checkers: envoy.health_checkers.redis
[2019-12-16 21:44:20.934][1][info][main] [source/server/server.cc:255]   resolvers: envoy.ip
[2019-12-16 21:44:20.934][1][info][main] [source/server/server.cc:255]   resource_monitors: envoy.resource_monitors.fixed_heap, envoy.resource_monitors.injected_resource
[2019-12-16 21:44:20.934][1][info][main] [source/server/server.cc:255]   retry_host_predicates: envoy.retry_host_predicates.omit_canary_hosts, envoy.retry_host_predicates.previous_hosts
[2019-12-16 21:44:20.934][1][info][main] [source/server/server.cc:255]   retry_priorities: envoy.retry_priorities.previous_priorities
[2019-12-16 21:44:20.934][1][info][main] [source/server/server.cc:255]   stats_sinks: envoy.dog_statsd, envoy.metrics_service, envoy.stat_sinks.hystrix, envoy.statsd
[2019-12-16 21:44:20.934][1][info][main] [source/server/server.cc:255]   thrift_proxy.filters: envoy.filters.thrift.rate_limit, envoy.filters.thrift.router
[2019-12-16 21:44:20.934][1][info][main] [source/server/server.cc:255]   thrift_proxy.protocols: auto, binary, binary/non-strict, compact, twitter
[2019-12-16 21:44:20.934][1][info][main] [source/server/server.cc:255]   thrift_proxy.transports: auto, framed, header, unframed
[2019-12-16 21:44:20.934][1][info][main] [source/server/server.cc:255]   tracers: envoy.dynamic.ot, envoy.lightstep, envoy.tracers.datadog, envoy.tracers.opencensus, envoy.xray, envoy.zipkin
[2019-12-16 21:44:20.934][1][info][main] [source/server/server.cc:255]   transport_sockets.downstream: envoy.transport_sockets.alts, envoy.transport_sockets.raw_buffer, envoy.transport_sockets.tap, envoy.transport_sockets.tls, raw_buffer, tls
[2019-12-16 21:44:20.934][1][info][main] [source/server/server.cc:255]   transport_sockets.upstream: envoy.transport_sockets.alts, envoy.transport_sockets.raw_buffer, envoy.transport_sockets.tap, envoy.transport_sockets.tls, raw_buffer, tls
[2019-12-16 21:44:20.934][1][info][main] [source/server/server.cc:255]   udp_listeners: raw_udp_listener
[2019-12-16 21:44:20.946][1][warning][misc] [source/common/protobuf/utility.cc:356] Using deprecated option 'envoy.api.v2.core.GrpcService.GoogleGrpc.CallCredentials.MetadataCredentialsFromPlugin.config' from file grpc_service.proto. This configuration will be removed from Envoy soon. Please see https://www.envoyproxy.io/docs/envoy/latest/intro/deprecated for details.
[2019-12-16 21:44:20.951][1][info][main] [source/server/server.cc:322] admin address: 0.0.0.0:9901
[2019-12-16 21:44:20.954][1][info][main] [source/server/server.cc:441] runtime: layers:
  - name: base
    static_layer:
      {}
  - name: admin
    admin_layer:
      {}
[2019-12-16 21:44:20.955][1][info][config] [source/server/configuration_impl.cc:60] loading 0 static secret(s)
[2019-12-16 21:44:20.955][1][info][config] [source/server/configuration_impl.cc:66] loading 1 cluster(s)
[2019-12-16 21:44:20.959][1][critical][backtrace] [bazel-out/k8-fastbuild/bin/source/server/_virtual_includes/backtrace_lib/server/backtrace.h:83] Caught Segmentation fault, suspect faulting address 0x0
[2019-12-16 21:44:20.959][1][critical][backtrace] [bazel-out/k8-fastbuild/bin/source/server/_virtual_includes/backtrace_lib/server/backtrace.h:70] Backtrace (use tools/stack_decode.py to get line numbers):
[2019-12-16 21:44:20.959][1][critical][backtrace] [bazel-out/k8-fastbuild/bin/source/server/_virtual_includes/backtrace_lib/server/backtrace.h:71] Envoy version: 24c247c9ee97f484cbe516045d019607270536c1/1.13.0-dev/Clean/DEBUG/BoringSSL
[2019-12-16 21:44:20.982][1][critical][backtrace] [bazel-out/k8-fastbuild/bin/source/server/_virtual_includes/backtrace_lib/server/backtrace.h:75] #0: Envoy::SignalAction::sigHandler() [0x55a44e735c1c]
[2019-12-16 21:44:20.982][1][critical][backtrace] [bazel-out/k8-fastbuild/bin/source/server/_virtual_includes/backtrace_lib/server/backtrace.h:75] #1: __restore_rt [0x7ffac33aa7e0]
[2019-12-16 21:44:21.005][1][critical][backtrace] [bazel-out/k8-fastbuild/bin/source/server/_virtual_includes/backtrace_lib/server/backtrace.h:75] #2: Envoy::Extensions::HttpFilters::Common::Aws::DefaultCredentialsProviderChain::DefaultCredentialsProviderChain() [0x55a44d09fd49]
[2019-12-16 21:44:21.027][1][critical][backtrace] [bazel-out/k8-fastbuild/bin/source/server/_virtual_includes/backtrace_lib/server/backtrace.h:75] #3: __gnu_cxx::new_allocator<>::construct<>() [0x55a44d0aa1ea]
[2019-12-16 21:44:21.049][1][critical][backtrace] [bazel-out/k8-fastbuild/bin/source/server/_virtual_includes/backtrace_lib/server/backtrace.h:75] #4: std::allocator_traits<>::construct<>() [0x55a44d0a9ea4]
[2019-12-16 21:44:21.071][1][critical][backtrace] [bazel-out/k8-fastbuild/bin/source/server/_virtual_includes/backtrace_lib/server/backtrace.h:75] #5: std::_Sp_counted_ptr_inplace<>::_Sp_counted_ptr_inplace<>() [0x55a44d0a9934]
[2019-12-16 21:44:21.093][1][critical][backtrace] [bazel-out/k8-fastbuild/bin/source/server/_virtual_includes/backtrace_lib/server/backtrace.h:75] #6: std::__shared_count<>::__shared_count<>() [0x55a44d0a91e6]
[2019-12-16 21:44:21.115][1][critical][backtrace] [bazel-out/k8-fastbuild/bin/source/server/_virtual_includes/backtrace_lib/server/backtrace.h:75] #7: std::__shared_ptr<>::__shared_ptr<>() [0x55a44d0a8a58]
[2019-12-16 21:44:21.137][1][critical][backtrace] [bazel-out/k8-fastbuild/bin/source/server/_virtual_includes/backtrace_lib/server/backtrace.h:75] #8: std::shared_ptr<>::shared_ptr<>() [0x55a44d0a8145]
[2019-12-16 21:44:21.162][1][critical][backtrace] [bazel-out/k8-fastbuild/bin/source/server/_virtual_includes/backtrace_lib/server/backtrace.h:75] #9: std::allocate_shared<>() [0x55a44d0a763f]
[2019-12-16 21:44:21.191][1][critical][backtrace] [bazel-out/k8-fastbuild/bin/source/server/_virtual_includes/backtrace_lib/server/backtrace.h:75] #10: std::make_shared<>() [0x55a44d0a6488]
[2019-12-16 21:44:21.215][1][critical][backtrace] [bazel-out/k8-fastbuild/bin/source/server/_virtual_includes/backtrace_lib/server/backtrace.h:75] #11: Envoy::Extensions::GrpcCredentials::AwsIam::AwsIamGrpcCredentialsFactory::getChannelCredentials() [0x55a44d09ec05]
[2019-12-16 21:44:21.238][1][critical][backtrace] [bazel-out/k8-fastbuild/bin/source/server/_virtual_includes/backtrace_lib/server/backtrace.h:75] #12: Envoy::Grpc::getGoogleGrpcChannelCredentials() [0x55a44dfa731d]
[2019-12-16 21:44:21.260][1][critical][backtrace] [bazel-out/k8-fastbuild/bin/source/server/_virtual_includes/backtrace_lib/server/backtrace.h:75] #13: Envoy::Grpc::GoogleAsyncClientImpl::GoogleAsyncClientImpl() [0x55a44df97ad3]
[2019-12-16 21:44:21.282][1][critical][backtrace] [bazel-out/k8-fastbuild/bin/source/server/_virtual_includes/backtrace_lib/server/backtrace.h:75] #14: std::make_unique<>() [0x55a44df93a8b]
[2019-12-16 21:44:21.304][1][critical][backtrace] [bazel-out/k8-fastbuild/bin/source/server/_virtual_includes/backtrace_lib/server/backtrace.h:75] #15: Envoy::Grpc::GoogleAsyncClientFactoryImpl::create() [0x55a44df92bc2]
[2019-12-16 21:44:21.327][1][critical][backtrace] [bazel-out/k8-fastbuild/bin/source/server/_virtual_includes/backtrace_lib/server/backtrace.h:75] #16: Envoy::Upstream::ClusterManagerImpl::ClusterManagerImpl() [0x55a44df18ae5]
[2019-12-16 21:44:21.349][1][critical][backtrace] [bazel-out/k8-fastbuild/bin/source/server/_virtual_includes/backtrace_lib/server/backtrace.h:75] #17: Envoy::Upstream::ProdClusterManagerFactory::clusterManagerFromProto() [0x55a44df224d1]
[2019-12-16 21:44:21.373][1][critical][backtrace] [bazel-out/k8-fastbuild/bin/source/server/_virtual_includes/backtrace_lib/server/backtrace.h:75] #18: Envoy::Server::Configuration::MainImpl::initialize() [0x55a44de60ce9]
[2019-12-16 21:44:21.398][1][critical][backtrace] [bazel-out/k8-fastbuild/bin/source/server/_virtual_includes/backtrace_lib/server/backtrace.h:75] #19: Envoy::Server::InstanceImpl::initialize() [0x55a44dd351c7]
[2019-12-16 21:44:21.427][1][critical][backtrace] [bazel-out/k8-fastbuild/bin/source/server/_virtual_includes/backtrace_lib/server/backtrace.h:75] #20: Envoy::Server::InstanceImpl::InstanceImpl() [0x55a44dd314c3]
[2019-12-16 21:44:21.456][1][critical][backtrace] [bazel-out/k8-fastbuild/bin/source/server/_virtual_includes/backtrace_lib/server/backtrace.h:75] #21: std::make_unique<>() [0x55a44cf35775]
[2019-12-16 21:44:21.485][1][critical][backtrace] [bazel-out/k8-fastbuild/bin/source/server/_virtual_includes/backtrace_lib/server/backtrace.h:75] #22: Envoy::MainCommonBase::MainCommonBase() [0x55a44cf32671]
[2019-12-16 21:44:21.513][1][critical][backtrace] [bazel-out/k8-fastbuild/bin/source/server/_virtual_includes/backtrace_lib/server/backtrace.h:75] #23: Envoy::MainCommon::MainCommon() [0x55a44cf331ea]
[2019-12-16 21:44:21.542][1][critical][backtrace] [bazel-out/k8-fastbuild/bin/source/server/_virtual_includes/backtrace_lib/server/backtrace.h:75] #24: std::make_unique<>() [0x55a44cf1952f]
[2019-12-16 21:44:21.571][1][critical][backtrace] [bazel-out/k8-fastbuild/bin/source/server/_virtual_includes/backtrace_lib/server/backtrace.h:75] #25: main [0x55a44cf174d0]
[2019-12-16 21:44:21.571][1][critical][backtrace] [bazel-out/k8-fastbuild/bin/source/server/_virtual_includes/backtrace_lib/server/backtrace.h:75] #26: __libc_start_main [0x7ffac300f02a]
